<?xml version="1.0" encoding="UTF-8"?>
<testng-results total="1" passed="1" failed="0" skipped="0">
  <reporter-output>
  </reporter-output>
  <suite started-at="2023-09-02T18:37:06Z" name="Default suite" finished-at="2023-09-02T18:37:23Z" duration-ms="16979">
    <groups>
    </groups>
    <test started-at="2023-09-02T18:37:06Z" name="Default test" finished-at="2023-09-02T18:37:23Z" duration-ms="16979">
      <class name="advanceselenium.practice">
        <test-method is-config="true" signature="beforeClass()[pri:0, instance:advanceselenium.practice@5b6ec132]" started-at="2023-09-03T00:07:06Z" name="beforeClass" finished-at="2023-09-03T00:07:09Z" duration-ms="2469" status="PASS">
          <reporter-output>
          </reporter-output>
        </test-method> <!-- beforeClass -->
        <test-method signature="test1()[pri:0, instance:advanceselenium.practice@5b6ec132]" started-at="2023-09-03T00:07:09Z" name="test1" finished-at="2023-09-03T00:07:23Z" duration-ms="14278" status="PASS">
          <reporter-output>
          </reporter-output>
        </test-method> <!-- test1 -->
        <test-method is-config="true" signature="afterClass()[pri:0, instance:advanceselenium.practice@5b6ec132]" started-at="2023-09-03T00:07:23Z" name="afterClass" finished-at="2023-09-03T00:07:23Z" duration-ms="220" status="PASS">
          <reporter-output>
          </reporter-output>
        </test-method> <!-- afterClass -->
      </class> <!-- advanceselenium.practice -->
    </test> <!-- Default test -->
  </suite> <!-- Default suite -->
</testng-results>
